21:47:22 **** ビルド of configuration デフォルト for project NativeActivity ****
/Applications/android-ndk-r8d/ndk-build all 
Compile thumb  : native-activity <= main.c
Compile thumb  : android_native_app_glue <= android_native_app_glue.c
StaticLibrary  : libandroid_native_app_glue.a
SharedLibrary  : libnative-activity.so
Install        : libnative-activity.so => libs/armeabi/libnative-activity.so
21:50:02 **** インクリメンタル・ビルド of configuration デフォルト for project NativeActivity ****
/Applications/android-ndk-r8d/ndk-build all 
Compile thumb  : native-activity <= main.c
SharedLibrary  : libnative-activity.so
Install        : libnative-activity.so => libs/armeabi/libnative-activity.so
21:51:09 **** インクリメンタル・ビルド of configuration デフォルト for project NativeActivity ****
/Applications/android-ndk-r8d/ndk-build all 
Install        : libnative-activity.so => libs/armeabi/libnative-activity.so
21:52:08 **** インクリメンタル・ビルド of configuration デフォルト for project NativeActivity ****
/Applications/android-ndk-r8d/ndk-build all 
Install        : libnative-activity.so => libs/armeabi/libnative-activity.so
21:53:53 **** クリーンのみのビルド of configuration デフォルト for project NativeActivity ****
/Applications/android-ndk-r8d/ndk-build clean 
Clean: android_native_app_glue [armeabi]
Clean: native-activity [armeabi]
Clean: stdc++ [armeabi]
21:53:53 **** ビルド of configuration デフォルト for project NativeActivity ****
/Applications/android-ndk-r8d/ndk-build all 
Compile thumb  : native-activity <= main.c
Compile thumb  : android_native_app_glue <= android_native_app_glue.c
StaticLibrary  : libandroid_native_app_glue.a
SharedLibrary  : libnative-activity.so
Install        : libnative-activity.so => libs/armeabi/libnative-activity.so
21:54:36 **** インクリメンタル・ビルド of configuration デフォルト for project NativeActivity ****
/Applications/android-ndk-r8d/ndk-build all 
Compile thumb  : native-activity <= main.c
SharedLibrary  : libnative-activity.so
Install        : libnative-activity.so => libs/armeabi/libnative-activity.so
21:55:00 **** インクリメンタル・ビルド of configuration デフォルト for project NativeActivity ****
/Applications/android-ndk-r8d/ndk-build all 
Install        : libnative-activity.so => libs/armeabi/libnative-activity.so
21:55:22 **** インクリメンタル・ビルド of configuration デフォルト for project NativeActivity ****
/Applications/android-ndk-r8d/ndk-build all 
Install        : libnative-activity.so => libs/armeabi/libnative-activity.so
21:55:52 **** インクリメンタル・ビルド of configuration デフォルト for project NativeActivity ****
/Applications/android-ndk-r8d/ndk-build all 
Install        : libnative-activity.so => libs/armeabi/libnative-activity.so
21:55:52 **** インクリメンタル・ビルド of configuration デフォルト for project NativeActivity ****
/Applications/android-ndk-r8d/ndk-build all 
Install        : libnative-activity.so => libs/armeabi/libnative-activity.so
21:58:09 **** インクリメンタル・ビルド of configuration デフォルト for project NativeActivity ****
/Applications/android-ndk-r8d/ndk-build -DNDK_DEBUG all 
/Applications/android-ndk-r8d/prebuilt/darwin-x86/bin/make: invalid option -- D
/Applications/android-ndk-r8d/prebuilt/darwin-x86/bin/make: invalid option -- N
/Applications/android-ndk-r8d/prebuilt/darwin-x86/bin/make: invalid option -- D
/Applications/android-ndk-r8d/prebuilt/darwin-x86/bin/make: invalid option -- K
/Applications/android-ndk-r8d/prebuilt/darwin-x86/bin/make: invalid option -- _
/Applications/android-ndk-r8d/prebuilt/darwin-x86/bin/make: invalid option -- D
/Applications/android-ndk-r8d/prebuilt/darwin-x86/bin/make: invalid option -- E
/Applications/android-ndk-r8d/prebuilt/darwin-x86/bin/make: invalid option -- U
/Applications/android-ndk-r8d/prebuilt/darwin-x86/bin/make: invalid option -- G
Usage: make [options] [target] ...
Options:
  -b, -m                      Ignored for compatibility.
  -B, --always-make           Unconditionally make all targets.
  -C DIRECTORY, --directory=DIRECTORY
                              Change to DIRECTORY before doing anything.
  -d                          Print lots of debugging information.
  --debug[=FLAGS]             Print various types of debugging information.
  -e, --environment-overrides
                              Environment variables override makefiles.
  -f FILE, --file=FILE, --makefile=FILE
                              Read FILE as a makefile.
  -h, --help                  Print this message and exit.
  -i, --ignore-errors         Ignore errors from commands.
  -I DIRECTORY, --include-dir=DIRECTORY
                              Search DIRECTORY for included makefiles.
  -j [N], --jobs[=N]          Allow N jobs at once; infinite jobs with no arg.
  -k, --keep-going            Keep going when some targets can't be made.
  -l [N], --load-average[=N], --max-load[=N]
                              Don't start multiple jobs unless load is below N.
  -L, --check-symlink-times   Use the latest mtime between symlinks and target.
  -n, --just-print, --dry-run, --recon
                              Don't actually run any commands; just print them.
  -o FILE, --old-file=FILE, --assume-old=FILE
                              Consider FILE to be very old and don't remake it.
  -p, --print-data-base       Print make's internal database.
  -q, --question              Run no commands; exit status says if up to date.
  -r, --no-builtin-rules      Disable the built-in implicit rules.
  -R, --no-builtin-variables  Disable the built-in variable settings.
  -s, --silent, --quiet       Don't echo commands.
  -S, --no-keep-going, --stop
                              Turns off -k.
  -t, --touch                 Touch targets instead of remaking them.
  -v, --version               Print the version number of make and exit.
  -w, --print-directory       Print the current directory.
  --no-print-directory        Turn off -w, even if it was turned on implicitly.
  -W FILE, --what-if=FILE, --new-file=FILE, --assume-new=FILE
                              Consider FILE to be infinitely new.
  --warn-undefined-variables  Warn when an undefined variable is referenced.

This program built for i386-apple-darwin10.8.0
Report bugs to <bug-make@gnu.org>
21:58:09 **** インクリメンタル・ビルド of configuration デフォルト for project NativeActivity ****
/Applications/android-ndk-r8d/ndk-build -DNDK_DEBUG all 
/Applications/android-ndk-r8d/prebuilt/darwin-x86/bin/make: invalid option -- D
/Applications/android-ndk-r8d/prebuilt/darwin-x86/bin/make: invalid option -- N
/Applications/android-ndk-r8d/prebuilt/darwin-x86/bin/make: invalid option -- D
/Applications/android-ndk-r8d/prebuilt/darwin-x86/bin/make: invalid option -- K
/Applications/android-ndk-r8d/prebuilt/darwin-x86/bin/make: invalid option -- _
/Applications/android-ndk-r8d/prebuilt/darwin-x86/bin/make: invalid option -- D
/Applications/android-ndk-r8d/prebuilt/darwin-x86/bin/make: invalid option -- E
/Applications/android-ndk-r8d/prebuilt/darwin-x86/bin/make: invalid option -- U
/Applications/android-ndk-r8d/prebuilt/darwin-x86/bin/make: invalid option -- G
Usage: make [options] [target] ...
Options:
  -b, -m                      Ignored for compatibility.
  -B, --always-make           Unconditionally make all targets.
  -C DIRECTORY, --directory=DIRECTORY
                              Change to DIRECTORY before doing anything.
  -d                          Print lots of debugging information.
  --debug[=FLAGS]             Print various types of debugging information.
  -e, --environment-overrides
                              Environment variables override makefiles.
  -f FILE, --file=FILE, --makefile=FILE
                              Read FILE as a makefile.
  -h, --help                  Print this message and exit.
  -i, --ignore-errors         Ignore errors from commands.
  -I DIRECTORY, --include-dir=DIRECTORY
                              Search DIRECTORY for included makefiles.
  -j [N], --jobs[=N]          Allow N jobs at once; infinite jobs with no arg.
  -k, --keep-going            Keep going when some targets can't be made.
  -l [N], --load-average[=N], --max-load[=N]
                              Don't start multiple jobs unless load is below N.
  -L, --check-symlink-times   Use the latest mtime between symlinks and target.
  -n, --just-print, --dry-run, --recon
                              Don't actually run any commands; just print them.
  -o FILE, --old-file=FILE, --assume-old=FILE
                              Consider FILE to be very old and don't remake it.
  -p, --print-data-base       Print make's internal database.
  -q, --question              Run no commands; exit status says if up to date.
  -r, --no-builtin-rules      Disable the built-in implicit rules.
  -R, --no-builtin-variables  Disable the built-in variable settings.
  -s, --silent, --quiet       Don't echo commands.
  -S, --no-keep-going, --stop
                              Turns off -k.
  -t, --touch                 Touch targets instead of remaking them.
  -v, --version               Print the version number of make and exit.
  -w, --print-directory       Print the current directory.
  --no-print-directory        Turn off -w, even if it was turned on implicitly.
  -W FILE, --what-if=FILE, --new-file=FILE, --assume-new=FILE
                              Consider FILE to be infinitely new.
  --warn-undefined-variables  Warn when an undefined variable is referenced.

This program built for i386-apple-darwin10.8.0
Report bugs to <bug-make@gnu.org>
21:59:45 **** インクリメンタル・ビルド of configuration デフォルト for project NativeActivity ****
/Applications/android-ndk-r8d/ndk-build -DNDK_DEBUG all 
/Applications/android-ndk-r8d/prebuilt/darwin-x86/bin/make: invalid option -- D
/Applications/android-ndk-r8d/prebuilt/darwin-x86/bin/make: invalid option -- N
/Applications/android-ndk-r8d/prebuilt/darwin-x86/bin/make: invalid option -- D
/Applications/android-ndk-r8d/prebuilt/darwin-x86/bin/make: invalid option -- K
/Applications/android-ndk-r8d/prebuilt/darwin-x86/bin/make: invalid option -- _
/Applications/android-ndk-r8d/prebuilt/darwin-x86/bin/make: invalid option -- D
/Applications/android-ndk-r8d/prebuilt/darwin-x86/bin/make: invalid option -- E
/Applications/android-ndk-r8d/prebuilt/darwin-x86/bin/make: invalid option -- U
/Applications/android-ndk-r8d/prebuilt/darwin-x86/bin/make: invalid option -- G
Usage: make [options] [target] ...
Options:
  -b, -m                      Ignored for compatibility.
  -B, --always-make           Unconditionally make all targets.
  -C DIRECTORY, --directory=DIRECTORY
                              Change to DIRECTORY before doing anything.
  -d                          Print lots of debugging information.
  --debug[=FLAGS]             Print various types of debugging information.
  -e, --environment-overrides
                              Environment variables override makefiles.
  -f FILE, --file=FILE, --makefile=FILE
                              Read FILE as a makefile.
  -h, --help                  Print this message and exit.
  -i, --ignore-errors         Ignore errors from commands.
  -I DIRECTORY, --include-dir=DIRECTORY
                              Search DIRECTORY for included makefiles.
  -j [N], --jobs[=N]          Allow N jobs at once; infinite jobs with no arg.
  -k, --keep-going            Keep going when some targets can't be made.
  -l [N], --load-average[=N], --max-load[=N]
                              Don't start multiple jobs unless load is below N.
  -L, --check-symlink-times   Use the latest mtime between symlinks and target.
  -n, --just-print, --dry-run, --recon
                              Don't actually run any commands; just print them.
  -o FILE, --old-file=FILE, --assume-old=FILE
                              Consider FILE to be very old and don't remake it.
  -p, --print-data-base       Print make's internal database.
  -q, --question              Run no commands; exit status says if up to date.
  -r, --no-builtin-rules      Disable the built-in implicit rules.
  -R, --no-builtin-variables  Disable the built-in variable settings.
  -s, --silent, --quiet       Don't echo commands.
  -S, --no-keep-going, --stop
                              Turns off -k.
  -t, --touch                 Touch targets instead of remaking them.
  -v, --version               Print the version number of make and exit.
  -w, --print-directory       Print the current directory.
  --no-print-directory        Turn off -w, even if it was turned on implicitly.
  -W FILE, --what-if=FILE, --new-file=FILE, --assume-new=FILE
                              Consider FILE to be infinitely new.
  --warn-undefined-variables  Warn when an undefined variable is referenced.

This program built for i386-apple-darwin10.8.0
Report bugs to <bug-make@gnu.org>
21:59:46 **** インクリメンタル・ビルド of configuration デフォルト for project NativeActivity ****
/Applications/android-ndk-r8d/ndk-build -DNDK_DEBUG all 
/Applications/android-ndk-r8d/prebuilt/darwin-x86/bin/make: invalid option -- D
/Applications/android-ndk-r8d/prebuilt/darwin-x86/bin/make: invalid option -- N
/Applications/android-ndk-r8d/prebuilt/darwin-x86/bin/make: invalid option -- D
/Applications/android-ndk-r8d/prebuilt/darwin-x86/bin/make: invalid option -- K
/Applications/android-ndk-r8d/prebuilt/darwin-x86/bin/make: invalid option -- _
/Applications/android-ndk-r8d/prebuilt/darwin-x86/bin/make: invalid option -- D
/Applications/android-ndk-r8d/prebuilt/darwin-x86/bin/make: invalid option -- E
/Applications/android-ndk-r8d/prebuilt/darwin-x86/bin/make: invalid option -- U
/Applications/android-ndk-r8d/prebuilt/darwin-x86/bin/make: invalid option -- G
Usage: make [options] [target] ...
Options:
  -b, -m                      Ignored for compatibility.
  -B, --always-make           Unconditionally make all targets.
  -C DIRECTORY, --directory=DIRECTORY
                              Change to DIRECTORY before doing anything.
  -d                          Print lots of debugging information.
  --debug[=FLAGS]             Print various types of debugging information.
  -e, --environment-overrides
                              Environment variables override makefiles.
  -f FILE, --file=FILE, --makefile=FILE
                              Read FILE as a makefile.
  -h, --help                  Print this message and exit.
  -i, --ignore-errors         Ignore errors from commands.
  -I DIRECTORY, --include-dir=DIRECTORY
                              Search DIRECTORY for included makefiles.
  -j [N], --jobs[=N]          Allow N jobs at once; infinite jobs with no arg.
  -k, --keep-going            Keep going when some targets can't be made.
  -l [N], --load-average[=N], --max-load[=N]
                              Don't start multiple jobs unless load is below N.
  -L, --check-symlink-times   Use the latest mtime between symlinks and target.
  -n, --just-print, --dry-run, --recon
                              Don't actually run any commands; just print them.
  -o FILE, --old-file=FILE, --assume-old=FILE
                              Consider FILE to be very old and don't remake it.
  -p, --print-data-base       Print make's internal database.
  -q, --question              Run no commands; exit status says if up to date.
  -r, --no-builtin-rules      Disable the built-in implicit rules.
  -R, --no-builtin-variables  Disable the built-in variable settings.
  -s, --silent, --quiet       Don't echo commands.
  -S, --no-keep-going, --stop
                              Turns off -k.
  -t, --touch                 Touch targets instead of remaking them.
  -v, --version               Print the version number of make and exit.
  -w, --print-directory       Print the current directory.
  --no-print-directory        Turn off -w, even if it was turned on implicitly.
  -W FILE, --what-if=FILE, --new-file=FILE, --assume-new=FILE
                              Consider FILE to be infinitely new.
  --warn-undefined-variables  Warn when an undefined variable is referenced.

This program built for i386-apple-darwin10.8.0
Report bugs to <bug-make@gnu.org>
22:00:35 **** インクリメンタル・ビルド of configuration デフォルト for project NativeActivity ****
/Applications/android-ndk-r8d/ndk-build all 
Compile thumb  : native-activity <= main.c
SharedLibrary  : libnative-activity.so
Install        : libnative-activity.so => libs/armeabi/libnative-activity.so
22:00:35 **** インクリメンタル・ビルド of configuration デフォルト for project NativeActivity ****
/Applications/android-ndk-r8d/ndk-build all 
Install        : libnative-activity.so => libs/armeabi/libnative-activity.so
22:00:56 **** インクリメンタル・ビルド of configuration デフォルト for project NativeActivity ****
/Applications/android-ndk-r8d/ndk-build all 
Install        : libnative-activity.so => libs/armeabi/libnative-activity.so
22:00:56 **** インクリメンタル・ビルド of configuration デフォルト for project NativeActivity ****
/Applications/android-ndk-r8d/ndk-build all 
Install        : libnative-activity.so => libs/armeabi/libnative-activity.so
22:01:43 **** インクリメンタル・ビルド of configuration デフォルト for project NativeActivity ****
/Applications/android-ndk-r8d/ndk-build NDK_DEBUG=1 all 
Gdbserver      : [arm-linux-androideabi-4.6] libs/armeabi/gdbserver
Gdbsetup       : libs/armeabi/gdb.setup
Compile thumb  : native-activity <= main.c
Compile thumb  : android_native_app_glue <= android_native_app_glue.c
StaticLibrary  : libandroid_native_app_glue.a
SharedLibrary  : libnative-activity.so
Install        : libnative-activity.so => libs/armeabi/libnative-activity.so
22:01:44 **** インクリメンタル・ビルド of configuration デフォルト for project NativeActivity ****
/Applications/android-ndk-r8d/ndk-build NDK_DEBUG=1 all 
Gdbserver      : [arm-linux-androideabi-4.6] libs/armeabi/gdbserver
Gdbsetup       : libs/armeabi/gdb.setup
Install        : libnative-activity.so => libs/armeabi/libnative-activity.so
21:03:48 **** ビルド of configuration デフォルト for project NativeActivity ****
/Applications/android-ndk-r8d/ndk-build NDK_DEBUG=1 all 
Gdbserver      : [arm-linux-androideabi-4.6] libs/armeabi/gdbserver
Gdbsetup       : libs/armeabi/gdb.setup
Install        : libnative-activity.so => libs/armeabi/libnative-activity.so
21:18:43 **** ビルド of configuration デフォルト for project NativeActivity ****
/Applications/android-ndk-r8d/ndk-build NDK_DEBUG=1 all 
Gdbserver      : [arm-linux-androideabi-4.6] libs/armeabi/gdbserver
Gdbsetup       : libs/armeabi/gdb.setup
Install        : libnative-activity.so => libs/armeabi/libnative-activity.so
21:18:56 **** インクリメンタル・ビルド of configuration デフォルト for project NativeActivity ****
/Applications/android-ndk-r8d/ndk-build NDK_DEBUG=1 all 
Gdbserver      : [arm-linux-androideabi-4.6] libs/armeabi/gdbserver
Gdbsetup       : libs/armeabi/gdb.setup
Install        : libnative-activity.so => libs/armeabi/libnative-activity.so
21:18:56 **** インクリメンタル・ビルド of configuration デフォルト for project NativeActivity ****
/Applications/android-ndk-r8d/ndk-build NDK_DEBUG=1 all 
Gdbserver      : [arm-linux-androideabi-4.6] libs/armeabi/gdbserver
Gdbsetup       : libs/armeabi/gdb.setup
Install        : libnative-activity.so => libs/armeabi/libnative-activity.so
23:51:59 **** インクリメンタル・ビルド of configuration デフォルト for project NativeActivity ****
/Applications/android-ndk-r8d/ndk-build NDK_DEBUG=1 all 
Gdbserver      : [arm-linux-androideabi-4.6] libs/armeabi/gdbserver
Gdbsetup       : libs/armeabi/gdb.setup
Install        : libnative-activity.so => libs/armeabi/libnative-activity.so
23:54:05 **** インクリメンタル・ビルド of configuration デフォルト for project NativeActivity ****
/Applications/android-ndk-r8d/ndk-build NDK_DEBUG=1 all 
Gdbserver      : [arm-linux-androideabi-4.6] libs/armeabi/gdbserver
Gdbsetup       : libs/armeabi/gdb.setup
Install        : libnative-activity.so => libs/armeabi/libnative-activity.so
23:55:29 **** インクリメンタル・ビルド of configuration デフォルト for project NativeActivity ****
/Applications/android-ndk-r8d/ndk-build NDK_DEBUG=1 all 
Gdbserver      : [arm-linux-androideabi-4.6] libs/armeabi/gdbserver
Gdbsetup       : libs/armeabi/gdb.setup
Install        : libnative-activity.so => libs/armeabi/libnative-activity.so
23:55:55 **** インクリメンタル・ビルド of configuration デフォルト for project NativeActivity ****
/Applications/android-ndk-r8d/ndk-build NDK_DEBUG=1 all 
Gdbserver      : [arm-linux-androideabi-4.6] libs/armeabi/gdbserver
Gdbsetup       : libs/armeabi/gdb.setup
Install        : libnative-activity.so => libs/armeabi/libnative-activity.so
00:02:13 **** インクリメンタル・ビルド of configuration デフォルト for project NativeActivity ****
/Applications/android-ndk-r8d/ndk-build NDK_DEBUG=1 all 
Gdbserver      : [arm-linux-androideabi-4.6] libs/armeabi/gdbserver
Gdbsetup       : libs/armeabi/gdb.setup
Install        : libnative-activity.so => libs/armeabi/libnative-activity.so
00:02:42 **** クリーンのみのビルド of configuration デフォルト for project NativeActivity ****
/Applications/android-ndk-r8d/ndk-build NDK_DEBUG=1 clean 
Clean: android_native_app_glue [armeabi]
Clean: native-activity [armeabi]
Clean: stdc++ [armeabi]
00:02:43 **** ビルド of configuration デフォルト for project NativeActivity ****
/Applications/android-ndk-r8d/ndk-build NDK_DEBUG=1 all 
Gdbserver      : [arm-linux-androideabi-4.6] libs/armeabi/gdbserver
Gdbsetup       : libs/armeabi/gdb.setup
Compile thumb  : native-activity <= main.c
Compile thumb  : android_native_app_glue <= android_native_app_glue.c
StaticLibrary  : libandroid_native_app_glue.a
SharedLibrary  : libnative-activity.so
Install        : libnative-activity.so => libs/armeabi/libnative-activity.so
00:03:38 **** インクリメンタル・ビルド of configuration デフォルト for project NativeActivity ****
/Applications/android-ndk-r8d/ndk-build NDK_DEBUG=1 all 
Gdbserver      : [arm-linux-androideabi-4.6] libs/armeabi/gdbserver
Gdbsetup       : libs/armeabi/gdb.setup
Install        : libnative-activity.so => libs/armeabi/libnative-activity.so
00:05:29 **** インクリメンタル・ビルド of configuration デフォルト for project NativeActivity ****
/Applications/android-ndk-r8d/ndk-build NDK_DEBUG=1 all 
Gdbserver      : [arm-linux-androideabi-4.6] libs/armeabi/gdbserver
Gdbsetup       : libs/armeabi/gdb.setup
Install        : libnative-activity.so => libs/armeabi/libnative-activity.so
00:06:32 **** インクリメンタル・ビルド of configuration デフォルト for project NativeActivity ****
/Applications/android-ndk-r8d/ndk-build NDK_DEBUG=1 all 
Gdbserver      : [arm-linux-androideabi-4.6] libs/armeabi/gdbserver
Gdbsetup       : libs/armeabi/gdb.setup
Install        : libnative-activity.so => libs/armeabi/libnative-activity.so
00:07:57 **** インクリメンタル・ビルド of configuration デフォルト for project NativeActivity ****
/Applications/android-ndk-r8d/ndk-build NDK_DEBUG=1 all 
Gdbserver      : [arm-linux-androideabi-4.6] libs/armeabi/gdbserver
Gdbsetup       : libs/armeabi/gdb.setup
Install        : libnative-activity.so => libs/armeabi/libnative-activity.so
00:14:48 **** インクリメンタル・ビルド of configuration デフォルト for project NativeActivity ****
/Applications/android-ndk-r8d/ndk-build NDK_DEBUG=1 all 
Gdbserver      : [arm-linux-androideabi-4.6] libs/armeabi/gdbserver
Gdbsetup       : libs/armeabi/gdb.setup
Compile thumb  : native-activity <= main.c
make: *** No rule to make target `jni/hogehoge.cpp', needed by `obj/local/armeabi/objs-debug/native-activity/hogehoge.o'.  Stop.
00:15:01 **** インクリメンタル・ビルド of configuration デフォルト for project NativeActivity ****
/Applications/android-ndk-r8d/ndk-build NDK_DEBUG=1 all 
Gdbserver      : [arm-linux-androideabi-4.6] libs/armeabi/gdbserver
Gdbsetup       : libs/armeabi/gdb.setup
make: *** No rule to make target `jni/hogehoge.cpp', needed by `obj/local/armeabi/objs-debug/native-activity/hogehoge.o'.  Stop.
00:15:15 **** インクリメンタル・ビルド of configuration デフォルト for project NativeActivity ****
/Applications/android-ndk-r8d/ndk-build NDK_DEBUG=1 all 
Gdbserver      : [arm-linux-androideabi-4.6] libs/armeabi/gdbserver
Gdbsetup       : libs/armeabi/gdb.setup
Compile thumb  : native-activity <= main.c
Compile++ thumb  : native-activity <= hogehoge.cpp
jni/../src/hogehoge.cpp:11:18: fatal error: vector: No such file or directory
compilation terminated.
make: *** [obj/local/armeabi/objs-debug/native-activity/__/src/hogehoge.o] Error 1
00:15:57 **** インクリメンタル・ビルド of configuration デフォルト for project NativeActivity ****
/Applications/android-ndk-r8d/ndk-build NDK_DEBUG=1 all 
Gdbserver      : [arm-linux-androideabi-4.6] libs/armeabi/gdbserver
Gdbsetup       : libs/armeabi/gdb.setup
Compile++ thumb  : native-activity <= hogehoge.cpp
StaticLibrary  : libstdc++.a
SharedLibrary  : libnative-activity.so
Install        : libnative-activity.so => libs/armeabi/libnative-activity.so
00:16:08 **** インクリメンタル・ビルド of configuration デフォルト for project NativeActivity ****
/Applications/android-ndk-r8d/ndk-build NDK_DEBUG=1 all 
Gdbserver      : [arm-linux-androideabi-4.6] libs/armeabi/gdbserver
Gdbsetup       : libs/armeabi/gdb.setup
Install        : libnative-activity.so => libs/armeabi/libnative-activity.so
00:16:10 **** インクリメンタル・ビルド of configuration デフォルト for project NativeActivity ****
/Applications/android-ndk-r8d/ndk-build NDK_DEBUG=1 all 
Gdbserver      : [arm-linux-androideabi-4.6] libs/armeabi/gdbserver
Gdbsetup       : libs/armeabi/gdb.setup
Install        : libnative-activity.so => libs/armeabi/libnative-activity.so
00:16:15 **** インクリメンタル・ビルド of configuration デフォルト for project NativeActivity ****
/Applications/android-ndk-r8d/ndk-build NDK_DEBUG=1 all 
Gdbserver      : [arm-linux-androideabi-4.6] libs/armeabi/gdbserver
Gdbsetup       : libs/armeabi/gdb.setup
Install        : libnative-activity.so => libs/armeabi/libnative-activity.so
00:17:29 **** インクリメンタル・ビルド of configuration デフォルト for project NativeActivity ****
/Applications/android-ndk-r8d/ndk-build NDK_DEBUG=1 all 
Gdbserver      : [arm-linux-androideabi-4.6] libs/armeabi/gdbserver
Gdbsetup       : libs/armeabi/gdb.setup
Compile thumb  : native-activity <= main.c
In file included from jni/main.c:12:0:
jni/../src/hogehoge.cpp:18:1: error: expected specifier-qualifier-list before 'public'
make: *** [obj/local/armeabi/objs-debug/native-activity/main.o] Error 1
00:18:25 **** インクリメンタル・ビルド of configuration デフォルト for project NativeActivity ****
/Applications/android-ndk-r8d/ndk-build NDK_DEBUG=1 all 
Gdbserver      : [arm-linux-androideabi-4.6] libs/armeabi/gdbserver
Gdbsetup       : libs/armeabi/gdb.setup
Compile thumb  : native-activity <= main.c
In file included from jni/main.c:12:0:
jni/../src/hogehoge.cpp:18:1: error: expected specifier-qualifier-list before 'private'
make: *** [obj/local/armeabi/objs-debug/native-activity/main.o] Error 1
00:18:50 **** インクリメンタル・ビルド of configuration デフォルト for project NativeActivity ****
/Applications/android-ndk-r8d/ndk-build NDK_DEBUG=1 all 
Gdbserver      : [arm-linux-androideabi-4.6] libs/armeabi/gdbserver
Gdbsetup       : libs/armeabi/gdb.setup
Compile thumb  : native-activity <= main.c
In file included from jni/main.c:12:0:
jni/../src/hogehoge.cpp:18:1: error: expected specifier-qualifier-list before 'private'
make: *** [obj/local/armeabi/objs-debug/native-activity/main.o] Error 1
00:19:18 **** インクリメンタル・ビルド of configuration デフォルト for project NativeActivity ****
/Applications/android-ndk-r8d/ndk-build NDK_DEBUG=1 all 
Gdbserver      : [arm-linux-androideabi-4.6] libs/armeabi/gdbserver
Gdbsetup       : libs/armeabi/gdb.setup
Compile thumb  : native-activity <= main.c
In file included from jni/main.c:12:0:
jni/../src/hogehoge.cpp:18:1: error: expected specifier-qualifier-list before 'public'
make: *** [obj/local/armeabi/objs-debug/native-activity/main.o] Error 1
00:20:08 **** インクリメンタル・ビルド of configuration デフォルト for project NativeActivity ****
/Applications/android-ndk-r8d/ndk-build NDK_DEBUG=1 all 
Gdbserver      : [arm-linux-androideabi-4.6] libs/armeabi/gdbserver
Gdbsetup       : libs/armeabi/gdb.setup
Compile thumb  : native-activity <= main.c
In file included from jni/main.c:12:0:
jni/../src/hogehoge.cpp:18:1: error: expected specifier-qualifier-list before 'public'
make: *** [obj/local/armeabi/objs-debug/native-activity/main.o] Error 1
00:20:17 **** インクリメンタル・ビルド of configuration デフォルト for project NativeActivity ****
/Applications/android-ndk-r8d/ndk-build NDK_DEBUG=1 all 
Gdbserver      : [arm-linux-androideabi-4.6] libs/armeabi/gdbserver
Gdbsetup       : libs/armeabi/gdb.setup
Compile thumb  : native-activity <= main.c
In file included from jni/main.c:12:0:
jni/../src/hogehoge.cpp:18:1: error: expected specifier-qualifier-list before 'public'
make: *** [obj/local/armeabi/objs-debug/native-activity/main.o] Error 1
00:20:24 **** インクリメンタル・ビルド of configuration デフォルト for project NativeActivity ****
/Applications/android-ndk-r8d/ndk-build NDK_DEBUG=1 all 
Gdbserver      : [arm-linux-androideabi-4.6] libs/armeabi/gdbserver
Gdbsetup       : libs/armeabi/gdb.setup
Compile thumb  : native-activity <= main.c
In file included from jni/main.c:12:0:
jni/../src/hogehoge.cpp:18:1: error: expected specifier-qualifier-list before 'public'
make: *** [obj/local/armeabi/objs-debug/native-activity/main.o] Error 1
00:20:43 **** インクリメンタル・ビルド of configuration デフォルト for project NativeActivity ****
/Applications/android-ndk-r8d/ndk-build NDK_DEBUG=1 all 
Gdbserver      : [arm-linux-androideabi-4.6] libs/armeabi/gdbserver
Gdbsetup       : libs/armeabi/gdb.setup
Compile thumb  : native-activity <= main.c
In file included from jni/main.c:12:0:
jni/../src/hogehoge.cpp:18:1: error: expected specifier-qualifier-list before 'public'
make: *** [obj/local/armeabi/objs-debug/native-activity/main.o] Error 1
00:30:37 **** インクリメンタル・ビルド of configuration デフォルト for project NativeActivity ****
/Applications/android-ndk-r8d/ndk-build NDK_DEBUG=1 all 
Gdbserver      : [arm-linux-androideabi-4.6] libs/armeabi/gdbserver
Gdbsetup       : libs/armeabi/gdb.setup
make: *** No rule to make target `jni/main.c', needed by `obj/local/armeabi/objs-debug/native-activity/main.o'.  Stop.
00:30:51 **** クリーンのみのビルド of configuration デフォルト for project NativeActivity ****
/Applications/android-ndk-r8d/ndk-build NDK_DEBUG=1 clean 
Clean: android_native_app_glue [armeabi]
Clean: native-activity [armeabi]
Clean: stdc++ [armeabi]
00:30:51 **** ビルド of configuration デフォルト for project NativeActivity ****
/Applications/android-ndk-r8d/ndk-build NDK_DEBUG=1 all 
Gdbserver      : [arm-linux-androideabi-4.6] libs/armeabi/gdbserver
Gdbsetup       : libs/armeabi/gdb.setup
Compile++ thumb  : native-activity <= main.cpp
Compile++ thumb  : native-activity <= hogehoge.cpp
Compile thumb  : android_native_app_glue <= android_native_app_glue.c
StaticLibrary  : libandroid_native_app_glue.a
StaticLibrary  : libstdc++.a
SharedLibrary  : libnative-activity.so
Install        : libnative-activity.so => libs/armeabi/libnative-activity.so
00:30:54 **** インクリメンタル・ビルド of configuration デフォルト for project NativeActivity ****
/Applications/android-ndk-r8d/ndk-build NDK_DEBUG=1 all 
Gdbserver      : [arm-linux-androideabi-4.6] libs/armeabi/gdbserver
Gdbsetup       : libs/armeabi/gdb.setup
Install        : libnative-activity.so => libs/armeabi/libnative-activity.so
00:31:39 **** インクリメンタル・ビルド of configuration デフォルト for project NativeActivity ****
/Applications/android-ndk-r8d/ndk-build NDK_DEBUG=1 all 
Gdbserver      : [arm-linux-androideabi-4.6] libs/armeabi/gdbserver
Gdbsetup       : libs/armeabi/gdb.setup
Compile++ thumb  : native-activity <= main.cpp
SharedLibrary  : libnative-activity.so
Install        : libnative-activity.so => libs/armeabi/libnative-activity.so
00:32:28 **** インクリメンタル・ビルド of configuration デフォルト for project NativeActivity ****
/Applications/android-ndk-r8d/ndk-build NDK_DEBUG=1 all 
Gdbserver      : [arm-linux-androideabi-4.6] libs/armeabi/gdbserver
Gdbsetup       : libs/armeabi/gdb.setup
Compile++ thumb  : native-activity <= main.cpp
SharedLibrary  : libnative-activity.so
Install        : libnative-activity.so => libs/armeabi/libnative-activity.so
00:32:29 **** インクリメンタル・ビルド of configuration デフォルト for project NativeActivity ****
/Applications/android-ndk-r8d/ndk-build NDK_DEBUG=1 all 
Gdbserver      : [arm-linux-androideabi-4.6] libs/armeabi/gdbserver
Gdbsetup       : libs/armeabi/gdb.setup
Install        : libnative-activity.so => libs/armeabi/libnative-activity.so
00:33:23 **** インクリメンタル・ビルド of configuration デフォルト for project NativeActivity ****
/Applications/android-ndk-r8d/ndk-build NDK_DEBUG=1 all 
Gdbserver      : [arm-linux-androideabi-4.6] libs/armeabi/gdbserver
Gdbsetup       : libs/armeabi/gdb.setup
Compile++ thumb  : native-activity <= main.cpp
In file included from jni/main.cpp:12:0:
jni/../src/hogehoge.cpp:12:18: fatal error: vector: No such file or directory
compilation terminated.
make: *** [obj/local/armeabi/objs-debug/native-activity/main.o] Error 1
